0 verbose cli C:\Program Files\nodejs\node.exe C:\Program Files\nodejs\node_modules\npm\bin\npm-cli.js
1 info using npm@8.11.0
2 info using node@v16.15.1
3 timing npm:load:whichnode Completed in 1ms
4 timing config:load:defaults Completed in 6ms
5 timing config:load:file:C:\Program Files\nodejs\node_modules\npm\npmrc Completed in 43ms
6 timing config:load:builtin Completed in 44ms
7 timing config:load:cli Completed in 6ms
8 timing config:load:env Completed in 3ms
9 timing config:load:file:C:\hcpn\.npmrc Completed in 1ms
10 timing config:load:project Completed in 6ms
11 timing config:load:file:C:\Users\whiT3L3M0n\.npmrc Completed in 2ms
12 timing config:load:user Completed in 3ms
13 timing config:load:file:C:\Users\whiT3L3M0n\AppData\Roaming\npm\etc\npmrc Completed in 1ms
14 timing config:load:global Completed in 2ms
15 timing config:load:validate Completed in 2ms
16 timing config:load:credentials Completed in 3ms
17 timing config:load:setEnvs Completed in 3ms
18 timing config:load Completed in 81ms
19 timing npm:load:configload Completed in 83ms
20 timing npm:load:mkdirpcache Completed in 5ms
21 timing npm:load:mkdirplogs Completed in 1ms
22 verbose title npm install webpack
23 verbose argv "install" "webpack"
24 timing npm:load:setTitle Completed in 3ms
25 timing config:load:flatten Completed in 14ms
26 timing npm:load:display Completed in 21ms
27 verbose logfile logs-max:10 dir:C:\hcpn\public\npm-cache\_logs
28 verbose logfile C:\hcpn\public\npm-cache\_logs\2022-07-09T05_38_13_263Z-debug-0.log
29 timing npm:load:logFile Completed in 28ms
30 timing npm:load:timers Completed in 0ms
31 timing npm:load:configScope Completed in 0ms
32 timing npm:load Completed in 145ms
33 timing arborist:ctor Completed in 3ms
34 silly logfile start cleaning logs, removing 1 files
35 silly logfile done cleaning log files
36 timing idealTree:init Completed in 331ms
37 timing idealTree:userRequests Completed in 5ms
38 silly idealTree buildDeps
39 silly fetch manifest webpack@^5.73.0
40 timing arborist:ctor Completed in 1ms
41 http fetch GET 200 https://registry.npmjs.org/webpack 892ms (cache revalidated)
42 silly placeDep ROOT webpack@5.73.0 REPLACE for:  want: ^5.73.0
43 timing idealTree:#root Completed in 969ms
44 timing idealTree:node_modules/webpack Completed in 1ms
45 timing idealTree:buildDeps Completed in 974ms
46 timing idealTree:fixDepFlags Completed in 4ms
47 timing idealTree Completed in 1328ms
48 timing reify:loadTrees Completed in 1332ms
49 timing reify:diffTrees Completed in 19ms
50 silly reify moves {}
51 timing reify:retireShallow Completed in 4ms
52 timing reify:createSparse Completed in 0ms
53 timing reify:loadBundles Completed in 0ms
54 silly audit bulk request {
54 silly audit   '@discoveryjs/json-ext': [ '0.5.7' ],
54 silly audit   '@jridgewell/gen-mapping': [ '0.3.2' ],
54 silly audit   '@jridgewell/resolve-uri': [ '3.1.0' ],
54 silly audit   '@jridgewell/set-array': [ '1.1.2' ],
54 silly audit   '@jridgewell/source-map': [ '0.3.2' ],
54 silly audit   '@jridgewell/sourcemap-codec': [ '1.4.14' ],
54 silly audit   '@jridgewell/trace-mapping': [ '0.3.14' ],
54 silly audit   '@popperjs/core': [ '2.11.5' ],
54 silly audit   '@types/eslint': [ '8.4.5' ],
54 silly audit   '@types/eslint-scope': [ '3.7.4' ],
54 silly audit   '@types/estree': [ '0.0.51' ],
54 silly audit   '@types/json-schema': [ '7.0.11' ],
54 silly audit   '@types/node': [ '18.0.3' ],
54 silly audit   '@webassemblyjs/ast': [ '1.11.1' ],
54 silly audit   '@webassemblyjs/floating-point-hex-parser': [ '1.11.1' ],
54 silly audit   '@webassemblyjs/helper-api-error': [ '1.11.1' ],
54 silly audit   '@webassemblyjs/helper-buffer': [ '1.11.1' ],
54 silly audit   '@webassemblyjs/helper-numbers': [ '1.11.1' ],
54 silly audit   '@webassemblyjs/helper-wasm-bytecode': [ '1.11.1' ],
54 silly audit   '@webassemblyjs/helper-wasm-section': [ '1.11.1' ],
54 silly audit   '@webassemblyjs/ieee754': [ '1.11.1' ],
54 silly audit   '@webassemblyjs/leb128': [ '1.11.1' ],
54 silly audit   '@webassemblyjs/utf8': [ '1.11.1' ],
54 silly audit   '@webassemblyjs/wasm-edit': [ '1.11.1' ],
54 silly audit   '@webassemblyjs/wasm-gen': [ '1.11.1' ],
54 silly audit   '@webassemblyjs/wasm-opt': [ '1.11.1' ],
54 silly audit   '@webassemblyjs/wasm-parser': [ '1.11.1' ],
54 silly audit   '@webassemblyjs/wast-printer': [ '1.11.1' ],
54 silly audit   '@webpack-cli/configtest': [ '1.2.0' ],
54 silly audit   '@webpack-cli/info': [ '1.5.0' ],
54 silly audit   '@webpack-cli/serve': [ '1.7.0' ],
54 silly audit   '@xtuc/ieee754': [ '1.2.0' ],
54 silly audit   '@xtuc/long': [ '4.2.2' ],
54 silly audit   acorn: [ '8.7.1' ],
54 silly audit   'acorn-import-assertions': [ '1.8.0' ],
54 silly audit   ajv: [ '6.12.6' ],
54 silly audit   'ajv-keywords': [ '3.5.2' ],
54 silly audit   bootstrap: [ '5.1.3' ],
54 silly audit   bootstrap5: [ '1.1.9' ],
54 silly audit   browserslist: [ '4.21.1' ],
54 silly audit   'buffer-from': [ '1.1.2' ],
54 silly audit   'caniuse-lite': [ '1.0.30001363' ],
54 silly audit   'chrome-trace-event': [ '1.0.3' ],
54 silly audit   'clone-deep': [ '4.0.1' ],
54 silly audit   colorette: [ '2.0.19' ],
54 silly audit   commander: [ '2.20.3', '7.2.0' ],
54 silly audit   'cross-spawn': [ '7.0.3' ],
54 silly audit   'electron-to-chromium': [ '1.4.184' ],
54 silly audit   'enhanced-resolve': [ '5.10.0' ],
54 silly audit   envinfo: [ '7.8.1' ],
54 silly audit   'es-module-lexer': [ '0.9.3' ],
54 silly audit   escalade: [ '3.1.1' ],
54 silly audit   'eslint-scope': [ '5.1.1' ],
54 silly audit   esrecurse: [ '4.3.0' ],
54 silly audit   estraverse: [ '5.3.0', '4.3.0' ],
54 silly audit   events: [ '3.3.0' ],
54 silly audit   'fast-deep-equal': [ '3.1.3' ],
54 silly audit   'fast-json-stable-stringify': [ '2.1.0' ],
54 silly audit   'fastest-levenshtein': [ '1.0.12' ],
54 silly audit   'find-up': [ '4.1.0' ],
54 silly audit   'function-bind': [ '1.1.1' ],
54 silly audit   'glob-to-regexp': [ '0.4.1' ],
54 silly audit   'graceful-fs': [ '4.2.10' ],
54 silly audit   has: [ '1.0.3' ],
54 silly audit   'has-flag': [ '4.0.0' ],
54 silly audit   'import-local': [ '3.1.0' ],
54 silly audit   interpret: [ '2.2.0' ],
54 silly audit   'is-core-module': [ '2.9.0' ],
54 silly audit   'is-plain-object': [ '2.0.4' ],
54 silly audit   isexe: [ '2.0.0' ],
54 silly audit   isobject: [ '3.0.1' ],
54 silly audit   'jest-worker': [ '27.5.1' ],
54 silly audit   'json-parse-even-better-errors': [ '2.3.1' ],
54 silly audit   'json-schema-traverse': [ '0.4.1' ],
54 silly audit   'kind-of': [ '6.0.3' ],
54 silly audit   'loader-runner': [ '4.3.0' ],
54 silly audit   'locate-path': [ '5.0.0' ],
54 silly audit   'merge-stream': [ '2.0.0' ],
54 silly audit   'mime-db': [ '1.52.0' ],
54 silly audit   'mime-types': [ '2.1.35' ],
54 silly audit   'neo-async': [ '2.6.2' ],
54 silly audit   'node-releases': [ '2.0.5' ],
54 silly audit   'p-limit': [ '2.3.0' ],
54 silly audit   'p-locate': [ '4.1.0' ],
54 silly audit   'p-try': [ '2.2.0' ],
54 silly audit   'path-exists': [ '4.0.0' ],
54 silly audit   'path-key': [ '3.1.1' ],
54 silly audit   'path-parse': [ '1.0.7' ],
54 silly audit   picocolors: [ '1.0.0' ],
54 silly audit   'pkg-dir': [ '4.2.0' ],
54 silly audit   punycode: [ '2.1.1' ],
54 silly audit   randombytes: [ '2.1.0' ],
54 silly audit   rechoir: [ '0.7.1' ],
54 silly audit   resolve: [ '1.22.1' ],
54 silly audit   'resolve-cwd': [ '3.0.0' ],
54 silly audit   'resolve-from': [ '5.0.0' ],
54 silly audit   'safe-buffer': [ '5.2.1' ],
54 silly audit   'schema-utils': [ '3.1.1' ],
54 silly audit   'serialize-javascript': [ '6.0.0' ],
54 silly audit   'shallow-clone': [ '3.0.1' ],
54 silly audit   'shebang-command': [ '2.0.0' ],
54 silly audit   'shebang-regex': [ '3.0.0' ],
54 silly audit   'source-map': [ '0.6.1' ],
54 silly audit   'source-map-support': [ '0.5.21' ],
54 silly audit   'supports-color': [ '8.1.1' ],
54 silly audit   'supports-preserve-symlinks-flag': [ '1.0.0' ],
54 silly audit   tapable: [ '2.2.1' ],
54 silly audit   terser: [ '5.14.1' ],
54 silly audit   'terser-webpack-plugin': [ '5.3.3' ],
54 silly audit   'update-browserslist-db': [ '1.0.4' ],
54 silly audit   'uri-js': [ '4.4.1' ],
54 silly audit   watchpack: [ '2.4.0' ],
54 silly audit   'webpack-cli': [ '4.10.0' ],
54 silly audit   'webpack-merge': [ '5.8.0' ],
54 silly audit   'webpack-sources': [ '3.2.3' ],
54 silly audit   which: [ '2.0.2' ],
54 silly audit   wildcard: [ '2.0.0' ],
54 silly audit   webpack: [ '5.73.0' ]
54 silly audit }
55 timing reify:unpack Completed in 1ms
56 timing reify:unretire Completed in 0ms
57 timing build:queue Completed in 0ms
58 timing build:deps Completed in 1ms
59 timing build Completed in 2ms
60 timing reify:build Completed in 3ms
61 timing reify:trash Completed in 0ms
62 timing reify:save Completed in 93ms
63 http fetch POST 200 https://registry.npmjs.org/-/npm/v1/security/advisories/bulk 461ms
64 timing auditReport:getReport Completed in 473ms
65 silly audit report {}
66 timing auditReport:init Completed in 0ms
67 timing reify:audit Completed in 475ms
68 timing reify Completed in 1871ms
69 timing command:install Completed in 1897ms
70 verbose exit 0
71 timing npm Completed in 2407ms
72 info ok
