0 verbose cli C:\Program Files\nodejs\node.exe C:\Program Files\nodejs\node_modules\npm\bin\npm-cli.js
1 info using npm@8.11.0
2 info using node@v16.15.1
3 timing npm:load:whichnode Completed in 2ms
4 timing config:load:defaults Completed in 6ms
5 timing config:load:file:C:\Program Files\nodejs\node_modules\npm\npmrc Completed in 28ms
6 timing config:load:builtin Completed in 28ms
7 timing config:load:cli Completed in 4ms
8 timing config:load:env Completed in 2ms
9 timing config:load:file:C:\hcpn\.npmrc Completed in 1ms
10 timing config:load:project Completed in 4ms
11 timing config:load:file:C:\Users\whiT3L3M0n\.npmrc Completed in 3ms
12 timing config:load:user Completed in 4ms
13 timing config:load:file:C:\Users\whiT3L3M0n\AppData\Roaming\npm\etc\npmrc Completed in 1ms
14 timing config:load:global Completed in 1ms
15 timing config:load:validate Completed in 2ms
16 timing config:load:credentials Completed in 2ms
17 timing config:load:setEnvs Completed in 3ms
18 timing config:load Completed in 60ms
19 timing npm:load:configload Completed in 60ms
20 timing npm:load:mkdirpcache Completed in 2ms
21 timing npm:load:mkdirplogs Completed in 1ms
22 verbose title npm install webpack
23 verbose argv "install" "webpack"
24 timing npm:load:setTitle Completed in 4ms
25 timing config:load:flatten Completed in 11ms
26 timing npm:load:display Completed in 19ms
27 verbose logfile logs-max:10 dir:C:\hcpn\public\npm-cache\_logs
28 verbose logfile C:\hcpn\public\npm-cache\_logs\2022-07-09T05_32_16_769Z-debug-0.log
29 timing npm:load:logFile Completed in 23ms
30 timing npm:load:timers Completed in 0ms
31 timing npm:load:configScope Completed in 0ms
32 timing npm:load Completed in 117ms
33 timing arborist:ctor Completed in 3ms
34 silly logfile done cleaning log files
35 timing idealTree:init Completed in 461ms
36 timing idealTree:userRequests Completed in 7ms
37 silly idealTree buildDeps
38 silly fetch manifest webpack@^5.73.0
39 timing arborist:ctor Completed in 0ms
40 http fetch GET 200 https://registry.npmjs.org/webpack 1045ms (cache revalidated)
41 silly placeDep ROOT webpack@5.73.0 REPLACE for:  want: ^5.73.0
42 timing idealTree:#root Completed in 1121ms
43 timing idealTree:node_modules/webpack Completed in 0ms
44 timing idealTree:buildDeps Completed in 1125ms
45 timing idealTree:fixDepFlags Completed in 4ms
46 timing idealTree Completed in 1615ms
47 timing reify:loadTrees Completed in 1620ms
48 timing reify:diffTrees Completed in 47ms
49 silly reify moves {}
50 timing reify:retireShallow Completed in 3ms
51 timing reify:createSparse Completed in 0ms
52 timing reify:loadBundles Completed in 0ms
53 silly audit bulk request {
53 silly audit   '@discoveryjs/json-ext': [ '0.5.7' ],
53 silly audit   '@jridgewell/gen-mapping': [ '0.3.2' ],
53 silly audit   '@jridgewell/resolve-uri': [ '3.1.0' ],
53 silly audit   '@jridgewell/set-array': [ '1.1.2' ],
53 silly audit   '@jridgewell/source-map': [ '0.3.2' ],
53 silly audit   '@jridgewell/sourcemap-codec': [ '1.4.14' ],
53 silly audit   '@jridgewell/trace-mapping': [ '0.3.14' ],
53 silly audit   '@popperjs/core': [ '2.11.5' ],
53 silly audit   '@types/eslint': [ '8.4.5' ],
53 silly audit   '@types/eslint-scope': [ '3.7.4' ],
53 silly audit   '@types/estree': [ '0.0.51' ],
53 silly audit   '@types/json-schema': [ '7.0.11' ],
53 silly audit   '@types/node': [ '18.0.3' ],
53 silly audit   '@webassemblyjs/ast': [ '1.11.1' ],
53 silly audit   '@webassemblyjs/floating-point-hex-parser': [ '1.11.1' ],
53 silly audit   '@webassemblyjs/helper-api-error': [ '1.11.1' ],
53 silly audit   '@webassemblyjs/helper-buffer': [ '1.11.1' ],
53 silly audit   '@webassemblyjs/helper-numbers': [ '1.11.1' ],
53 silly audit   '@webassemblyjs/helper-wasm-bytecode': [ '1.11.1' ],
53 silly audit   '@webassemblyjs/helper-wasm-section': [ '1.11.1' ],
53 silly audit   '@webassemblyjs/ieee754': [ '1.11.1' ],
53 silly audit   '@webassemblyjs/leb128': [ '1.11.1' ],
53 silly audit   '@webassemblyjs/utf8': [ '1.11.1' ],
53 silly audit   '@webassemblyjs/wasm-edit': [ '1.11.1' ],
53 silly audit   '@webassemblyjs/wasm-gen': [ '1.11.1' ],
53 silly audit   '@webassemblyjs/wasm-opt': [ '1.11.1' ],
53 silly audit   '@webassemblyjs/wasm-parser': [ '1.11.1' ],
53 silly audit   '@webassemblyjs/wast-printer': [ '1.11.1' ],
53 silly audit   '@webpack-cli/configtest': [ '1.2.0' ],
53 silly audit   '@webpack-cli/info': [ '1.5.0' ],
53 silly audit   '@webpack-cli/serve': [ '1.7.0' ],
53 silly audit   '@xtuc/ieee754': [ '1.2.0' ],
53 silly audit   '@xtuc/long': [ '4.2.2' ],
53 silly audit   acorn: [ '8.7.1' ],
53 silly audit   'acorn-import-assertions': [ '1.8.0' ],
53 silly audit   ajv: [ '6.12.6' ],
53 silly audit   'ajv-keywords': [ '3.5.2' ],
53 silly audit   bootstrap: [ '5.1.3' ],
53 silly audit   bootstrap5: [ '1.1.9' ],
53 silly audit   browserslist: [ '4.21.1' ],
53 silly audit   'buffer-from': [ '1.1.2' ],
53 silly audit   'caniuse-lite': [ '1.0.30001363' ],
53 silly audit   'chrome-trace-event': [ '1.0.3' ],
53 silly audit   'clone-deep': [ '4.0.1' ],
53 silly audit   colorette: [ '2.0.19' ],
53 silly audit   commander: [ '2.20.3', '7.2.0' ],
53 silly audit   'cross-spawn': [ '7.0.3' ],
53 silly audit   'electron-to-chromium': [ '1.4.184' ],
53 silly audit   'enhanced-resolve': [ '5.10.0' ],
53 silly audit   envinfo: [ '7.8.1' ],
53 silly audit   'es-module-lexer': [ '0.9.3' ],
53 silly audit   escalade: [ '3.1.1' ],
53 silly audit   'eslint-scope': [ '5.1.1' ],
53 silly audit   esrecurse: [ '4.3.0' ],
53 silly audit   estraverse: [ '5.3.0', '4.3.0' ],
53 silly audit   events: [ '3.3.0' ],
53 silly audit   'fast-deep-equal': [ '3.1.3' ],
53 silly audit   'fast-json-stable-stringify': [ '2.1.0' ],
53 silly audit   'fastest-levenshtein': [ '1.0.12' ],
53 silly audit   'find-up': [ '4.1.0' ],
53 silly audit   'function-bind': [ '1.1.1' ],
53 silly audit   'glob-to-regexp': [ '0.4.1' ],
53 silly audit   'graceful-fs': [ '4.2.10' ],
53 silly audit   has: [ '1.0.3' ],
53 silly audit   'has-flag': [ '4.0.0' ],
53 silly audit   'import-local': [ '3.1.0' ],
53 silly audit   interpret: [ '2.2.0' ],
53 silly audit   'is-core-module': [ '2.9.0' ],
53 silly audit   'is-plain-object': [ '2.0.4' ],
53 silly audit   isexe: [ '2.0.0' ],
53 silly audit   isobject: [ '3.0.1' ],
53 silly audit   'jest-worker': [ '27.5.1' ],
53 silly audit   'json-parse-even-better-errors': [ '2.3.1' ],
53 silly audit   'json-schema-traverse': [ '0.4.1' ],
53 silly audit   'kind-of': [ '6.0.3' ],
53 silly audit   'loader-runner': [ '4.3.0' ],
53 silly audit   'locate-path': [ '5.0.0' ],
53 silly audit   'merge-stream': [ '2.0.0' ],
53 silly audit   'mime-db': [ '1.52.0' ],
53 silly audit   'mime-types': [ '2.1.35' ],
53 silly audit   'neo-async': [ '2.6.2' ],
53 silly audit   'node-releases': [ '2.0.5' ],
53 silly audit   'p-limit': [ '2.3.0' ],
53 silly audit   'p-locate': [ '4.1.0' ],
53 silly audit   'p-try': [ '2.2.0' ],
53 silly audit   'path-exists': [ '4.0.0' ],
53 silly audit   'path-key': [ '3.1.1' ],
53 silly audit   'path-parse': [ '1.0.7' ],
53 silly audit   picocolors: [ '1.0.0' ],
53 silly audit   'pkg-dir': [ '4.2.0' ],
53 silly audit   punycode: [ '2.1.1' ],
53 silly audit   randombytes: [ '2.1.0' ],
53 silly audit   rechoir: [ '0.7.1' ],
53 silly audit   resolve: [ '1.22.1' ],
53 silly audit   'resolve-cwd': [ '3.0.0' ],
53 silly audit   'resolve-from': [ '5.0.0' ],
53 silly audit   'safe-buffer': [ '5.2.1' ],
53 silly audit   'schema-utils': [ '3.1.1' ],
53 silly audit   'serialize-javascript': [ '6.0.0' ],
53 silly audit   'shallow-clone': [ '3.0.1' ],
53 silly audit   'shebang-command': [ '2.0.0' ],
53 silly audit   'shebang-regex': [ '3.0.0' ],
53 silly audit   'source-map': [ '0.6.1' ],
53 silly audit   'source-map-support': [ '0.5.21' ],
53 silly audit   'supports-color': [ '8.1.1' ],
53 silly audit   'supports-preserve-symlinks-flag': [ '1.0.0' ],
53 silly audit   tapable: [ '2.2.1' ],
53 silly audit   terser: [ '5.14.1' ],
53 silly audit   'terser-webpack-plugin': [ '5.3.3' ],
53 silly audit   'update-browserslist-db': [ '1.0.4' ],
53 silly audit   'uri-js': [ '4.4.1' ],
53 silly audit   watchpack: [ '2.4.0' ],
53 silly audit   'webpack-cli': [ '4.10.0' ],
53 silly audit   'webpack-merge': [ '5.8.0' ],
53 silly audit   'webpack-sources': [ '3.2.3' ],
53 silly audit   which: [ '2.0.2' ],
53 silly audit   wildcard: [ '2.0.0' ],
53 silly audit   webpack: [ '5.73.0' ]
53 silly audit }
54 timing reify:unpack Completed in 1ms
55 timing reify:unretire Completed in 0ms
56 timing build:queue Completed in 0ms
57 timing build:deps Completed in 2ms
58 timing build Completed in 2ms
59 timing reify:build Completed in 3ms
60 timing reify:trash Completed in 0ms
61 timing reify:save Completed in 106ms
62 http fetch POST 200 https://registry.npmjs.org/-/npm/v1/security/advisories/bulk 1141ms
63 timing auditReport:getReport Completed in 1154ms
64 silly audit report {}
65 timing auditReport:init Completed in 0ms
66 timing reify:audit Completed in 1157ms
67 timing reify Completed in 2867ms
68 timing command:install Completed in 2912ms
69 verbose exit 0
70 timing npm Completed in 4620ms
71 info ok
