0 verbose cli C:\Program Files\nodejs\node.exe C:\Program Files\nodejs\node_modules\npm\bin\npm-cli.js
1 info using npm@8.11.0
2 info using node@v16.15.1
3 timing npm:load:whichnode Completed in 1ms
4 timing config:load:defaults Completed in 5ms
5 timing config:load:file:C:\Program Files\nodejs\node_modules\npm\npmrc Completed in 22ms
6 timing config:load:builtin Completed in 23ms
7 timing config:load:cli Completed in 4ms
8 timing config:load:env Completed in 4ms
9 timing config:load:file:C:\hcpn\.npmrc Completed in 1ms
10 timing config:load:project Completed in 6ms
11 timing config:load:file:C:\Users\whiT3L3M0n\.npmrc Completed in 3ms
12 timing config:load:user Completed in 4ms
13 timing config:load:file:C:\Users\whiT3L3M0n\AppData\Roaming\npm\etc\npmrc Completed in 1ms
14 timing config:load:global Completed in 2ms
15 timing config:load:validate Completed in 3ms
16 timing config:load:credentials Completed in 3ms
17 timing config:load:setEnvs Completed in 4ms
18 timing config:load Completed in 63ms
19 timing npm:load:configload Completed in 63ms
20 timing npm:load:mkdirpcache Completed in 2ms
21 timing npm:load:mkdirplogs Completed in 1ms
22 verbose title npm install econea/nusoap
23 verbose argv "install" "econea/nusoap"
24 timing npm:load:setTitle Completed in 3ms
25 timing config:load:flatten Completed in 13ms
26 timing npm:load:display Completed in 21ms
27 verbose logfile logs-max:10 dir:C:\hcpn\public\npm-cache\_logs
28 verbose logfile C:\hcpn\public\npm-cache\_logs\2022-07-09T12_02_31_503Z-debug-0.log
29 timing npm:load:logFile Completed in 109ms
30 timing npm:load:timers Completed in 0ms
31 timing npm:load:configScope Completed in 0ms
32 timing npm:load Completed in 203ms
33 timing arborist:ctor Completed in 2ms
34 silly logfile start cleaning logs, removing 2 files
35 silly logfile done cleaning log files
36 timing idealTree:init Completed in 495ms
37 timing arborist:ctor Completed in 1ms
38 timing idealTree Completed in 9303ms
39 timing command:install Completed in 9372ms
40 verbose stack Error: ENOENT: no such file or directory, open 'C:\hcpn\public\npm-cache\_cacache\tmp\git-cloneDf4Bs6\package.json'
41 verbose cwd C:\hcpn
42 verbose Windows_NT 10.0.19044
43 verbose node v16.15.1
44 verbose npm  v8.11.0
45 error code ENOENT
46 error syscall open
47 error path C:\hcpn\public\npm-cache\_cacache\tmp\git-cloneDf4Bs6/package.json
48 error errno -4058
49 error enoent ENOENT: no such file or directory, open 'C:\hcpn\public\npm-cache\_cacache\tmp\git-cloneDf4Bs6\package.json'
50 error enoent This is related to npm not being able to find a file.
50 error enoent
51 verbose exit -4058
52 timing npm Completed in 11131ms
53 verbose unfinished npm timer reify 1657368153215
54 verbose unfinished npm timer reify:loadTrees 1657368153263
55 verbose unfinished npm timer idealTree:userRequests 1657368153762
56 verbose code -4058
57 error A complete log of this run can be found in:
57 error     C:\hcpn\public\npm-cache\_logs\2022-07-09T12_02_31_503Z-debug-0.log
