0 verbose cli C:\Program Files\nodejs\node.exe C:\Program Files\nodejs\node_modules\npm\bin\npm-cli.js
1 info using npm@8.11.0
2 info using node@v16.15.1
3 timing npm:load:whichnode Completed in 1ms
4 timing config:load:defaults Completed in 8ms
5 timing config:load:file:C:\Program Files\nodejs\node_modules\npm\npmrc Completed in 24ms
6 timing config:load:builtin Completed in 27ms
7 timing config:load:cli Completed in 5ms
8 timing config:load:env Completed in 2ms
9 timing config:load:file:C:\hcpn\.npmrc Completed in 0ms
10 timing config:load:project Completed in 5ms
11 timing config:load:file:C:\Users\whiT3L3M0n\.npmrc Completed in 2ms
12 timing config:load:user Completed in 3ms
13 timing config:load:file:C:\Users\whiT3L3M0n\AppData\Roaming\npm\etc\npmrc Completed in 1ms
14 timing config:load:global Completed in 2ms
15 timing config:load:validate Completed in 3ms
16 timing config:load:credentials Completed in 3ms
17 timing config:load:setEnvs Completed in 5ms
18 timing config:load Completed in 63ms
19 timing npm:load:configload Completed in 63ms
20 timing npm:load:mkdirpcache Completed in 2ms
21 timing npm:load:mkdirplogs Completed in 1ms
22 verbose title npm install webpack-cli
23 verbose argv "install" "webpack-cli"
24 timing npm:load:setTitle Completed in 4ms
25 timing config:load:flatten Completed in 9ms
26 timing npm:load:display Completed in 15ms
27 verbose logfile logs-max:10 dir:C:\hcpn\public\npm-cache\_logs
28 verbose logfile C:\hcpn\public\npm-cache\_logs\2022-07-08T10_27_32_629Z-debug-0.log
29 timing npm:load:logFile Completed in 20ms
30 timing npm:load:timers Completed in 1ms
31 timing npm:load:configScope Completed in 0ms
32 timing npm:load Completed in 112ms
33 timing arborist:ctor Completed in 3ms
34 silly logfile done cleaning log files
35 timing idealTree:init Completed in 319ms
36 timing idealTree:userRequests Completed in 5ms
37 silly idealTree buildDeps
38 silly fetch manifest webpack-cli@*
39 timing arborist:ctor Completed in 1ms
40 http fetch GET 200 https://registry.npmjs.org/webpack-cli 966ms (cache miss)
41 silly fetch manifest webpack@^5.73.0
42 http fetch GET 200 https://registry.npmjs.org/webpack 49ms (cache hit)
43 silly placeDep ROOT webpack-cli@4.10.0 OK for:  want: *
44 silly fetch manifest @discoveryjs/json-ext@^0.5.0
45 silly fetch manifest @webpack-cli/configtest@^1.2.0
46 silly fetch manifest @webpack-cli/info@^1.5.0
47 silly fetch manifest @webpack-cli/serve@^1.7.0
48 silly fetch manifest colorette@^2.0.14
49 silly fetch manifest commander@^7.0.0
50 silly fetch manifest cross-spawn@^7.0.3
51 silly fetch manifest fastest-levenshtein@^1.0.12
52 silly fetch manifest import-local@^3.0.2
53 silly fetch manifest interpret@^2.2.0
54 silly fetch manifest rechoir@^0.7.0
55 silly fetch manifest webpack-merge@^5.7.3
56 http fetch GET 200 https://registry.npmjs.org/rechoir 390ms (cache miss)
57 http fetch GET 200 https://registry.npmjs.org/cross-spawn 435ms (cache miss)
58 http fetch GET 200 https://registry.npmjs.org/colorette 455ms (cache miss)
59 http fetch GET 200 https://registry.npmjs.org/@discoveryjs%2fjson-ext 489ms (cache miss)
60 http fetch GET 200 https://registry.npmjs.org/commander 498ms (cache miss)
61 http fetch GET 200 https://registry.npmjs.org/import-local 503ms (cache miss)
62 http fetch GET 200 https://registry.npmjs.org/interpret 511ms (cache miss)
63 http fetch GET 200 https://registry.npmjs.org/fastest-levenshtein 529ms (cache miss)
64 http fetch GET 200 https://registry.npmjs.org/webpack-merge 530ms (cache miss)
65 http fetch GET 200 https://registry.npmjs.org/@webpack-cli%2finfo 856ms (cache miss)
66 http fetch GET 200 https://registry.npmjs.org/@webpack-cli%2fconfigtest 891ms (cache miss)
67 http fetch GET 200 https://registry.npmjs.org/@webpack-cli%2fserve 966ms (cache miss)
68 timing idealTree:#root Completed in 2072ms
69 silly fetch manifest webpack@4.x.x || 5.x.x
70 silly fetch manifest webpack-cli@4.x.x
71 silly placeDep ROOT @discoveryjs/json-ext@0.5.7 OK for: webpack-cli@4.10.0 want: ^0.5.0
72 silly placeDep ROOT @webpack-cli/configtest@1.2.0 OK for: webpack-cli@4.10.0 want: ^1.2.0
73 silly placeDep ROOT @webpack-cli/info@1.5.0 OK for: webpack-cli@4.10.0 want: ^1.5.0
74 silly placeDep ROOT @webpack-cli/serve@1.7.0 OK for: webpack-cli@4.10.0 want: ^1.7.0
75 silly placeDep ROOT colorette@2.0.19 OK for: webpack-cli@4.10.0 want: ^2.0.14
76 silly placeDep node_modules/webpack-cli commander@7.2.0 OK for: webpack-cli@4.10.0 want: ^7.0.0
77 silly placeDep ROOT cross-spawn@7.0.3 OK for: webpack-cli@4.10.0 want: ^7.0.3
78 silly placeDep ROOT fastest-levenshtein@1.0.12 OK for: webpack-cli@4.10.0 want: ^1.0.12
79 silly placeDep ROOT import-local@3.1.0 OK for: webpack-cli@4.10.0 want: ^3.0.2
80 silly placeDep ROOT interpret@2.2.0 OK for: webpack-cli@4.10.0 want: ^2.2.0
81 silly placeDep ROOT rechoir@0.7.1 OK for: webpack-cli@4.10.0 want: ^0.7.0
82 silly placeDep ROOT webpack-merge@5.8.0 OK for: webpack-cli@4.10.0 want: ^5.7.3
83 silly fetch manifest envinfo@^7.7.3
84 silly fetch manifest path-key@^3.1.0
85 silly fetch manifest shebang-command@^2.0.0
86 silly fetch manifest which@^2.0.1
87 silly fetch manifest pkg-dir@^4.2.0
88 silly fetch manifest resolve-cwd@^3.0.0
89 silly fetch manifest resolve@^1.9.0
90 silly fetch manifest clone-deep@^4.0.1
91 silly fetch manifest wildcard@^2.0.0
92 http fetch GET 200 https://registry.npmjs.org/resolve 228ms (cache miss)
93 http fetch GET 200 https://registry.npmjs.org/pkg-dir 244ms (cache miss)
94 http fetch GET 200 https://registry.npmjs.org/resolve-cwd 246ms (cache miss)
95 http fetch GET 200 https://registry.npmjs.org/path-key 255ms (cache miss)
96 http fetch GET 200 https://registry.npmjs.org/shebang-command 257ms (cache miss)
97 http fetch GET 200 https://registry.npmjs.org/clone-deep 251ms (cache miss)
98 http fetch GET 200 https://registry.npmjs.org/which 260ms (cache miss)
99 http fetch GET 200 https://registry.npmjs.org/wildcard 358ms (cache miss)
100 http fetch GET 200 https://registry.npmjs.org/envinfo 406ms (cache miss)
101 timing idealTree:node_modules/webpack-cli Completed in 550ms
102 timing idealTree:node_modules/@discoveryjs/json-ext Completed in 1ms
103 timing idealTree:node_modules/@webpack-cli/configtest Completed in 0ms
104 silly placeDep ROOT envinfo@7.8.1 OK for: @webpack-cli/info@1.5.0 want: ^7.7.3
105 timing idealTree:node_modules/@webpack-cli/info Completed in 4ms
106 timing idealTree:node_modules/@webpack-cli/serve Completed in 0ms
107 timing idealTree:node_modules/colorette Completed in 0ms
108 silly placeDep ROOT path-key@3.1.1 OK for: cross-spawn@7.0.3 want: ^3.1.0
109 silly placeDep ROOT shebang-command@2.0.0 OK for: cross-spawn@7.0.3 want: ^2.0.0
110 silly placeDep ROOT which@2.0.2 OK for: cross-spawn@7.0.3 want: ^2.0.1
111 silly fetch manifest shebang-regex@^3.0.0
112 silly fetch manifest isexe@^2.0.0
113 http fetch GET 200 https://registry.npmjs.org/isexe 102ms (cache miss)
114 http fetch GET 200 https://registry.npmjs.org/shebang-regex 193ms (cache miss)
115 timing idealTree:node_modules/cross-spawn Completed in 210ms
116 timing idealTree:node_modules/envinfo Completed in 0ms
117 timing idealTree:node_modules/fastest-levenshtein Completed in 0ms
118 silly placeDep ROOT pkg-dir@4.2.0 OK for: import-local@3.1.0 want: ^4.2.0
119 silly placeDep ROOT resolve-cwd@3.0.0 OK for: import-local@3.1.0 want: ^3.0.0
120 silly fetch manifest find-up@^4.0.0
121 silly fetch manifest resolve-from@^5.0.0
122 http fetch GET 200 https://registry.npmjs.org/resolve-from 167ms (cache miss)
123 http fetch GET 200 https://registry.npmjs.org/find-up 188ms (cache miss)
124 timing idealTree:node_modules/import-local Completed in 198ms
125 timing idealTree:node_modules/interpret Completed in 0ms
126 timing idealTree:node_modules/path-key Completed in 0ms
127 silly placeDep ROOT find-up@4.1.0 OK for: pkg-dir@4.2.0 want: ^4.0.0
128 silly fetch manifest locate-path@^5.0.0
129 silly fetch manifest path-exists@^4.0.0
130 http fetch GET 200 https://registry.npmjs.org/path-exists 104ms (cache miss)
131 http fetch GET 200 https://registry.npmjs.org/locate-path 160ms (cache miss)
132 timing idealTree:node_modules/pkg-dir Completed in 166ms
133 silly placeDep ROOT locate-path@5.0.0 OK for: find-up@4.1.0 want: ^5.0.0
134 silly placeDep ROOT path-exists@4.0.0 OK for: find-up@4.1.0 want: ^4.0.0
135 silly fetch manifest p-locate@^4.1.0
136 http fetch GET 200 https://registry.npmjs.org/p-locate 103ms (cache miss)
137 timing idealTree:node_modules/find-up Completed in 116ms
138 silly placeDep ROOT p-locate@4.1.0 OK for: locate-path@5.0.0 want: ^4.1.0
139 silly fetch manifest p-limit@^2.2.0
140 http fetch GET 200 https://registry.npmjs.org/p-limit 171ms (cache miss)
141 timing idealTree:node_modules/locate-path Completed in 179ms
142 silly placeDep ROOT p-limit@2.3.0 OK for: p-locate@4.1.0 want: ^2.2.0
143 silly fetch manifest p-try@^2.0.0
144 http fetch GET 200 https://registry.npmjs.org/p-try 150ms (cache miss)
145 timing idealTree:node_modules/p-locate Completed in 159ms
146 silly placeDep ROOT p-try@2.2.0 OK for: p-limit@2.3.0 want: ^2.0.0
147 timing idealTree:node_modules/p-limit Completed in 5ms
148 timing idealTree:node_modules/p-try Completed in 0ms
149 timing idealTree:node_modules/path-exists Completed in 0ms
150 silly placeDep ROOT resolve@1.22.1 OK for: rechoir@0.7.1 want: ^1.9.0
151 silly fetch manifest is-core-module@^2.9.0
152 silly fetch manifest path-parse@^1.0.7
153 silly fetch manifest supports-preserve-symlinks-flag@^1.0.0
154 http fetch GET 200 https://registry.npmjs.org/path-parse 157ms (cache miss)
155 http fetch GET 200 https://registry.npmjs.org/supports-preserve-symlinks-flag 170ms (cache miss)
156 http fetch GET 200 https://registry.npmjs.org/is-core-module 540ms (cache miss)
157 timing idealTree:node_modules/rechoir Completed in 551ms
158 silly placeDep ROOT is-core-module@2.9.0 OK for: resolve@1.22.1 want: ^2.9.0
159 silly placeDep ROOT path-parse@1.0.7 OK for: resolve@1.22.1 want: ^1.0.7
160 silly placeDep ROOT supports-preserve-symlinks-flag@1.0.0 OK for: resolve@1.22.1 want: ^1.0.0
161 silly fetch manifest has@^1.0.3
162 http fetch GET 200 https://registry.npmjs.org/has 140ms (cache miss)
163 timing idealTree:node_modules/resolve Completed in 158ms
164 silly placeDep ROOT has@1.0.3 OK for: is-core-module@2.9.0 want: ^1.0.3
165 silly fetch manifest function-bind@^1.1.1
166 http fetch GET 200 https://registry.npmjs.org/function-bind 80ms (cache miss)
167 timing idealTree:node_modules/is-core-module Completed in 86ms
168 silly placeDep ROOT function-bind@1.1.1 OK for: has@1.0.3 want: ^1.1.1
169 timing idealTree:node_modules/has Completed in 2ms
170 timing idealTree:node_modules/function-bind Completed in 0ms
171 timing idealTree:node_modules/path-parse Completed in 0ms
172 silly placeDep ROOT resolve-from@5.0.0 OK for: resolve-cwd@3.0.0 want: ^5.0.0
173 timing idealTree:node_modules/resolve-cwd Completed in 2ms
174 timing idealTree:node_modules/resolve-from Completed in 0ms
175 silly placeDep ROOT shebang-regex@3.0.0 OK for: shebang-command@2.0.0 want: ^3.0.0
176 timing idealTree:node_modules/shebang-command Completed in 8ms
177 timing idealTree:node_modules/shebang-regex Completed in 0ms
178 timing idealTree:node_modules/supports-preserve-symlinks-flag Completed in 0ms
179 silly placeDep ROOT clone-deep@4.0.1 OK for: webpack-merge@5.8.0 want: ^4.0.1
180 silly placeDep ROOT wildcard@2.0.0 OK for: webpack-merge@5.8.0 want: ^2.0.0
181 silly fetch manifest is-plain-object@^2.0.4
182 silly fetch manifest kind-of@^6.0.2
183 silly fetch manifest shallow-clone@^3.0.0
184 http fetch GET 200 https://registry.npmjs.org/is-plain-object 162ms (cache miss)
185 http fetch GET 200 https://registry.npmjs.org/shallow-clone 158ms (cache miss)
186 http fetch GET 200 https://registry.npmjs.org/kind-of 235ms (cache miss)
187 timing idealTree:node_modules/webpack-merge Completed in 250ms
188 silly placeDep ROOT is-plain-object@2.0.4 OK for: clone-deep@4.0.1 want: ^2.0.4
189 silly placeDep ROOT kind-of@6.0.3 OK for: clone-deep@4.0.1 want: ^6.0.2
190 silly placeDep ROOT shallow-clone@3.0.1 OK for: clone-deep@4.0.1 want: ^3.0.0
191 silly fetch manifest isobject@^3.0.1
192 http fetch GET 200 https://registry.npmjs.org/isobject 172ms (cache miss)
193 timing idealTree:node_modules/clone-deep Completed in 181ms
194 silly placeDep ROOT isobject@3.0.1 OK for: is-plain-object@2.0.4 want: ^3.0.1
195 timing idealTree:node_modules/is-plain-object Completed in 3ms
196 timing idealTree:node_modules/isobject Completed in 0ms
197 timing idealTree:node_modules/kind-of Completed in 0ms
198 timing idealTree:node_modules/shallow-clone Completed in 0ms
199 silly placeDep ROOT isexe@2.0.0 OK for: which@2.0.2 want: ^2.0.0
200 timing idealTree:node_modules/which Completed in 2ms
201 timing idealTree:node_modules/isexe Completed in 0ms
202 timing idealTree:node_modules/wildcard Completed in 1ms
203 timing idealTree:node_modules/webpack-cli/node_modules/commander Completed in 0ms
204 timing idealTree:buildDeps Completed in 4917ms
205 timing idealTree:fixDepFlags Completed in 4ms
206 timing idealTree Completed in 5253ms
207 timing reify:loadTrees Completed in 5257ms
208 timing reify:diffTrees Completed in 15ms
209 silly reify moves {}
210 timing reify:retireShallow Completed in 3ms
211 timing reify:createSparse Completed in 53ms
212 timing reify:loadBundles Completed in 0ms
213 silly audit bulk request {
213 silly audit   '@jridgewell/gen-mapping': [ '0.3.2' ],
213 silly audit   '@jridgewell/resolve-uri': [ '3.1.0' ],
213 silly audit   '@jridgewell/set-array': [ '1.1.2' ],
213 silly audit   '@jridgewell/source-map': [ '0.3.2' ],
213 silly audit   '@jridgewell/sourcemap-codec': [ '1.4.14' ],
213 silly audit   '@jridgewell/trace-mapping': [ '0.3.14' ],
213 silly audit   '@popperjs/core': [ '2.11.5' ],
213 silly audit   '@types/eslint': [ '8.4.5' ],
213 silly audit   '@types/eslint-scope': [ '3.7.4' ],
213 silly audit   '@types/estree': [ '0.0.51' ],
213 silly audit   '@types/json-schema': [ '7.0.11' ],
213 silly audit   '@types/node': [ '18.0.3' ],
213 silly audit   '@webassemblyjs/ast': [ '1.11.1' ],
213 silly audit   '@webassemblyjs/floating-point-hex-parser': [ '1.11.1' ],
213 silly audit   '@webassemblyjs/helper-api-error': [ '1.11.1' ],
213 silly audit   '@webassemblyjs/helper-buffer': [ '1.11.1' ],
213 silly audit   '@webassemblyjs/helper-numbers': [ '1.11.1' ],
213 silly audit   '@webassemblyjs/helper-wasm-bytecode': [ '1.11.1' ],
213 silly audit   '@webassemblyjs/helper-wasm-section': [ '1.11.1' ],
213 silly audit   '@webassemblyjs/ieee754': [ '1.11.1' ],
213 silly audit   '@webassemblyjs/leb128': [ '1.11.1' ],
213 silly audit   '@webassemblyjs/utf8': [ '1.11.1' ],
213 silly audit   '@webassemblyjs/wasm-edit': [ '1.11.1' ],
213 silly audit   '@webassemblyjs/wasm-gen': [ '1.11.1' ],
213 silly audit   '@webassemblyjs/wasm-opt': [ '1.11.1' ],
213 silly audit   '@webassemblyjs/wasm-parser': [ '1.11.1' ],
213 silly audit   '@webassemblyjs/wast-printer': [ '1.11.1' ],
213 silly audit   '@xtuc/ieee754': [ '1.2.0' ],
213 silly audit   '@xtuc/long': [ '4.2.2' ],
213 silly audit   acorn: [ '8.7.1' ],
213 silly audit   'acorn-import-assertions': [ '1.8.0' ],
213 silly audit   ajv: [ '6.12.6' ],
213 silly audit   'ajv-keywords': [ '3.5.2' ],
213 silly audit   bootstrap: [ '5.1.3' ],
213 silly audit   bootstrap5: [ '1.1.9' ],
213 silly audit   browserslist: [ '4.21.1' ],
213 silly audit   'buffer-from': [ '1.1.2' ],
213 silly audit   'caniuse-lite': [ '1.0.30001363' ],
213 silly audit   'chrome-trace-event': [ '1.0.3' ],
213 silly audit   commander: [ '2.20.3', '7.2.0' ],
213 silly audit   'electron-to-chromium': [ '1.4.184' ],
213 silly audit   'enhanced-resolve': [ '5.10.0' ],
213 silly audit   'es-module-lexer': [ '0.9.3' ],
213 silly audit   escalade: [ '3.1.1' ],
213 silly audit   'eslint-scope': [ '5.1.1' ],
213 silly audit   esrecurse: [ '4.3.0' ],
213 silly audit   estraverse: [ '5.3.0', '4.3.0' ],
213 silly audit   events: [ '3.3.0' ],
213 silly audit   'fast-deep-equal': [ '3.1.3' ],
213 silly audit   'fast-json-stable-stringify': [ '2.1.0' ],
213 silly audit   'glob-to-regexp': [ '0.4.1' ],
213 silly audit   'graceful-fs': [ '4.2.10' ],
213 silly audit   'has-flag': [ '4.0.0' ],
213 silly audit   'jest-worker': [ '27.5.1' ],
213 silly audit   'json-parse-even-better-errors': [ '2.3.1' ],
213 silly audit   'json-schema-traverse': [ '0.4.1' ],
213 silly audit   'loader-runner': [ '4.3.0' ],
213 silly audit   'merge-stream': [ '2.0.0' ],
213 silly audit   'mime-db': [ '1.52.0' ],
213 silly audit   'mime-types': [ '2.1.35' ],
213 silly audit   'neo-async': [ '2.6.2' ],
213 silly audit   'node-releases': [ '2.0.5' ],
213 silly audit   picocolors: [ '1.0.0' ],
213 silly audit   punycode: [ '2.1.1' ],
213 silly audit   randombytes: [ '2.1.0' ],
213 silly audit   'safe-buffer': [ '5.2.1' ],
213 silly audit   'schema-utils': [ '3.1.1' ],
213 silly audit   'serialize-javascript': [ '6.0.0' ],
213 silly audit   'source-map': [ '0.6.1' ],
213 silly audit   'source-map-support': [ '0.5.21' ],
213 silly audit   'supports-color': [ '8.1.1' ],
213 silly audit   tapable: [ '2.2.1' ],
213 silly audit   terser: [ '5.14.1' ],
213 silly audit   'terser-webpack-plugin': [ '5.3.3' ],
213 silly audit   'update-browserslist-db': [ '1.0.4' ],
213 silly audit   'uri-js': [ '4.4.1' ],
213 silly audit   watchpack: [ '2.4.0' ],
213 silly audit   webpack: [ '5.73.0' ],
213 silly audit   'webpack-sources': [ '3.2.3' ],
213 silly audit   'webpack-cli': [ '4.10.0' ],
213 silly audit   '@discoveryjs/json-ext': [ '0.5.7' ],
213 silly audit   '@webpack-cli/configtest': [ '1.2.0' ],
213 silly audit   '@webpack-cli/info': [ '1.5.0' ],
213 silly audit   '@webpack-cli/serve': [ '1.7.0' ],
213 silly audit   colorette: [ '2.0.19' ],
213 silly audit   'cross-spawn': [ '7.0.3' ],
213 silly audit   'fastest-levenshtein': [ '1.0.12' ],
213 silly audit   'import-local': [ '3.1.0' ],
213 silly audit   interpret: [ '2.2.0' ],
213 silly audit   rechoir: [ '0.7.1' ],
213 silly audit   'webpack-merge': [ '5.8.0' ],
213 silly audit   envinfo: [ '7.8.1' ],
213 silly audit   'path-key': [ '3.1.1' ],
213 silly audit   'shebang-command': [ '2.0.0' ],
213 silly audit   which: [ '2.0.2' ],
213 silly audit   'pkg-dir': [ '4.2.0' ],
213 silly audit   'resolve-cwd': [ '3.0.0' ],
213 silly audit   'find-up': [ '4.1.0' ],
213 silly audit   'locate-path': [ '5.0.0' ],
213 silly audit   'path-exists': [ '4.0.0' ],
213 silly audit   'p-locate': [ '4.1.0' ],
213 silly audit   'p-limit': [ '2.3.0' ],
213 silly audit   'p-try': [ '2.2.0' ],
213 silly audit   resolve: [ '1.22.1' ],
213 silly audit   'is-core-module': [ '2.9.0' ],
213 silly audit   'path-parse': [ '1.0.7' ],
213 silly audit   'supports-preserve-symlinks-flag': [ '1.0.0' ],
213 silly audit   has: [ '1.0.3' ],
213 silly audit   'function-bind': [ '1.1.1' ],
213 silly audit   'resolve-from': [ '5.0.0' ],
213 silly audit   'shebang-regex': [ '3.0.0' ],
213 silly audit   'clone-deep': [ '4.0.1' ],
213 silly audit   wildcard: [ '2.0.0' ],
213 silly audit   'is-plain-object': [ '2.0.4' ],
213 silly audit   'kind-of': [ '6.0.3' ],
213 silly audit   'shallow-clone': [ '3.0.1' ],
213 silly audit   isobject: [ '3.0.1' ],
213 silly audit   isexe: [ '2.0.0' ]
213 silly audit }
214 silly tarball no local data for isobject@https://registry.npmjs.org/isobject/-/isobject-3.0.1.tgz. Extracting by manifest.
215 silly tarball no local data for shallow-clone@https://registry.npmjs.org/shallow-clone/-/shallow-clone-3.0.1.tgz. Extracting by manifest.
216 silly tarball no local data for isexe@https://registry.npmjs.org/isexe/-/isexe-2.0.0.tgz. Extracting by manifest.
217 silly tarball no local data for kind-of@https://registry.npmjs.org/kind-of/-/kind-of-6.0.3.tgz. Extracting by manifest.
218 silly tarball no local data for wildcard@https://registry.npmjs.org/wildcard/-/wildcard-2.0.0.tgz. Extracting by manifest.
219 silly tarball no local data for is-plain-object@https://registry.npmjs.org/is-plain-object/-/is-plain-object-2.0.4.tgz. Extracting by manifest.
220 silly tarball no local data for clone-deep@https://registry.npmjs.org/clone-deep/-/clone-deep-4.0.1.tgz. Extracting by manifest.
221 silly tarball no local data for shebang-regex@https://registry.npmjs.org/shebang-regex/-/shebang-regex-3.0.0.tgz. Extracting by manifest.
222 silly tarball no local data for resolve-from@https://registry.npmjs.org/resolve-from/-/resolve-from-5.0.0.tgz. Extracting by manifest.
223 silly tarball no local data for function-bind@https://registry.npmjs.org/function-bind/-/function-bind-1.1.1.tgz. Extracting by manifest.
224 silly tarball no local data for supports-preserve-symlinks-flag@https://registry.npmjs.org/supports-preserve-symlinks-flag/-/supports-preserve-symlinks-flag-1.0.0.tgz. Extracting by manifest.
225 silly tarball no local data for path-parse@https://registry.npmjs.org/path-parse/-/path-parse-1.0.7.tgz. Extracting by manifest.
226 silly tarball no local data for has@https://registry.npmjs.org/has/-/has-1.0.3.tgz. Extracting by manifest.
227 silly tarball no local data for resolve@https://registry.npmjs.org/resolve/-/resolve-1.22.1.tgz. Extracting by manifest.
228 silly tarball no local data for is-core-module@https://registry.npmjs.org/is-core-module/-/is-core-module-2.9.0.tgz. Extracting by manifest.
229 silly tarball no local data for p-limit@https://registry.npmjs.org/p-limit/-/p-limit-2.3.0.tgz. Extracting by manifest.
230 silly tarball no local data for p-try@https://registry.npmjs.org/p-try/-/p-try-2.2.0.tgz. Extracting by manifest.
231 silly tarball no local data for path-exists@https://registry.npmjs.org/path-exists/-/path-exists-4.0.0.tgz. Extracting by manifest.
232 silly tarball no local data for p-locate@https://registry.npmjs.org/p-locate/-/p-locate-4.1.0.tgz. Extracting by manifest.
233 silly tarball no local data for find-up@https://registry.npmjs.org/find-up/-/find-up-4.1.0.tgz. Extracting by manifest.
234 silly tarball no local data for resolve-cwd@https://registry.npmjs.org/resolve-cwd/-/resolve-cwd-3.0.0.tgz. Extracting by manifest.
235 silly tarball no local data for locate-path@https://registry.npmjs.org/locate-path/-/locate-path-5.0.0.tgz. Extracting by manifest.
236 silly tarball no local data for which@https://registry.npmjs.org/which/-/which-2.0.2.tgz. Extracting by manifest.
237 silly tarball no local data for pkg-dir@https://registry.npmjs.org/pkg-dir/-/pkg-dir-4.2.0.tgz. Extracting by manifest.
238 silly tarball no local data for envinfo@https://registry.npmjs.org/envinfo/-/envinfo-7.8.1.tgz. Extracting by manifest.
239 silly tarball no local data for shebang-command@https://registry.npmjs.org/shebang-command/-/shebang-command-2.0.0.tgz. Extracting by manifest.
240 silly tarball no local data for path-key@https://registry.npmjs.org/path-key/-/path-key-3.1.1.tgz. Extracting by manifest.
241 silly tarball no local data for rechoir@https://registry.npmjs.org/rechoir/-/rechoir-0.7.1.tgz. Extracting by manifest.
242 silly tarball no local data for webpack-merge@https://registry.npmjs.org/webpack-merge/-/webpack-merge-5.8.0.tgz. Extracting by manifest.
243 silly tarball no local data for import-local@https://registry.npmjs.org/import-local/-/import-local-3.1.0.tgz. Extracting by manifest.
244 silly tarball no local data for fastest-levenshtein@https://registry.npmjs.org/fastest-levenshtein/-/fastest-levenshtein-1.0.12.tgz. Extracting by manifest.
245 silly tarball no local data for interpret@https://registry.npmjs.org/interpret/-/interpret-2.2.0.tgz. Extracting by manifest.
246 silly tarball no local data for cross-spawn@https://registry.npmjs.org/cross-spawn/-/cross-spawn-7.0.3.tgz. Extracting by manifest.
247 silly tarball no local data for colorette@https://registry.npmjs.org/colorette/-/colorette-2.0.19.tgz. Extracting by manifest.
248 silly tarball no local data for @webpack-cli/info@https://registry.npmjs.org/@webpack-cli/info/-/info-1.5.0.tgz. Extracting by manifest.
249 silly tarball no local data for @webpack-cli/serve@https://registry.npmjs.org/@webpack-cli/serve/-/serve-1.7.0.tgz. Extracting by manifest.
250 silly tarball no local data for commander@https://registry.npmjs.org/commander/-/commander-7.2.0.tgz. Extracting by manifest.
251 silly tarball no local data for @webpack-cli/configtest@https://registry.npmjs.org/@webpack-cli/configtest/-/configtest-1.2.0.tgz. Extracting by manifest.
252 silly tarball no local data for @discoveryjs/json-ext@https://registry.npmjs.org/@discoveryjs/json-ext/-/json-ext-0.5.7.tgz. Extracting by manifest.
253 silly tarball no local data for webpack-cli@https://registry.npmjs.org/webpack-cli/-/webpack-cli-4.10.0.tgz. Extracting by manifest.
254 http fetch POST 200 https://registry.npmjs.org/-/npm/v1/security/advisories/bulk 659ms
255 timing auditReport:getReport Completed in 679ms
256 silly audit report {}
257 timing auditReport:init Completed in 0ms
258 timing reify:audit Completed in 682ms
259 http fetch GET 200 https://registry.npmjs.org/isobject/-/isobject-3.0.1.tgz 1158ms (cache miss)
260 http fetch GET 200 https://registry.npmjs.org/shallow-clone/-/shallow-clone-3.0.1.tgz 1189ms (cache miss)
261 timing reifyNode:node_modules/shallow-clone Completed in 1291ms
262 http fetch GET 200 https://registry.npmjs.org/shebang-regex/-/shebang-regex-3.0.0.tgz 1215ms (cache miss)
263 timing reifyNode:node_modules/isobject Completed in 1390ms
264 http fetch GET 200 https://registry.npmjs.org/clone-deep/-/clone-deep-4.0.1.tgz 1273ms (cache miss)
265 timing reifyNode:node_modules/clone-deep Completed in 1430ms
266 http fetch GET 200 https://registry.npmjs.org/p-limit/-/p-limit-2.3.0.tgz 1177ms (cache miss)
267 timing reifyNode:node_modules/shebang-regex Completed in 1437ms
268 http fetch GET 200 https://registry.npmjs.org/path-key/-/path-key-3.1.1.tgz 1042ms (cache miss)
269 timing reifyNode:node_modules/p-limit Completed in 1444ms
270 http fetch GET 200 https://registry.npmjs.org/path-exists/-/path-exists-4.0.0.tgz 1257ms (cache miss)
271 http fetch GET 200 https://registry.npmjs.org/p-try/-/p-try-2.2.0.tgz 1284ms (cache miss)
272 http fetch GET 200 https://registry.npmjs.org/shebang-command/-/shebang-command-2.0.0.tgz 1277ms (cache miss)
273 http fetch GET 200 https://registry.npmjs.org/resolve-from/-/resolve-from-5.0.0.tgz 1492ms (cache miss)
274 timing reifyNode:node_modules/resolve-from Completed in 1675ms
275 http fetch GET 200 https://registry.npmjs.org/find-up/-/find-up-4.1.0.tgz 1391ms (cache miss)
276 http fetch GET 200 https://registry.npmjs.org/kind-of/-/kind-of-6.0.3.tgz 1593ms (cache miss)
277 timing reifyNode:node_modules/kind-of Completed in 1716ms
278 timing reifyNode:node_modules/shebang-command Completed in 1709ms
279 http fetch GET 200 https://registry.npmjs.org/is-plain-object/-/is-plain-object-2.0.4.tgz 1576ms (cache miss)
280 timing reifyNode:node_modules/is-plain-object Completed in 1725ms
281 timing reifyNode:node_modules/p-try Completed in 1724ms
282 http fetch GET 200 https://registry.npmjs.org/resolve-cwd/-/resolve-cwd-3.0.0.tgz 1417ms (cache miss)
283 timing reifyNode:node_modules/path-exists Completed in 1731ms
284 timing reifyNode:node_modules/find-up Completed in 1830ms
285 http fetch GET 200 https://registry.npmjs.org/import-local/-/import-local-3.1.0.tgz 1417ms (cache miss)
286 timing reifyNode:node_modules/path-key Completed in 1843ms
287 http fetch GET 200 https://registry.npmjs.org/p-locate/-/p-locate-4.1.0.tgz 1584ms (cache miss)
288 timing reifyNode:node_modules/p-locate Completed in 1874ms
289 http fetch GET 200 https://registry.npmjs.org/pkg-dir/-/pkg-dir-4.2.0.tgz 1545ms (cache miss)
290 timing reifyNode:node_modules/pkg-dir Completed in 1882ms
291 http fetch GET 200 https://registry.npmjs.org/has/-/has-1.0.3.tgz 1673ms (cache miss)
292 timing reifyNode:node_modules/resolve-cwd Completed in 1897ms
293 http fetch GET 200 https://registry.npmjs.org/colorette/-/colorette-2.0.19.tgz 1457ms (cache miss)
294 http fetch GET 200 https://registry.npmjs.org/locate-path/-/locate-path-5.0.0.tgz 1609ms (cache miss)
295 timing reifyNode:node_modules/locate-path Completed in 1930ms
296 http fetch GET 200 https://registry.npmjs.org/rechoir/-/rechoir-0.7.1.tgz 1544ms (cache miss)
297 timing reifyNode:node_modules/import-local Completed in 2019ms
298 http fetch GET 200 https://registry.npmjs.org/path-parse/-/path-parse-1.0.7.tgz 1835ms (cache miss)
299 timing reifyNode:node_modules/path-parse Completed in 2043ms
300 timing reifyNode:node_modules/has Completed in 2045ms
301 http fetch GET 200 https://registry.npmjs.org/which/-/which-2.0.2.tgz 1723ms (cache miss)
302 http fetch GET 200 https://registry.npmjs.org/interpret/-/interpret-2.2.0.tgz 1650ms (cache miss)
303 http fetch GET 200 https://registry.npmjs.org/isexe/-/isexe-2.0.0.tgz 2031ms (cache miss)
304 timing reifyNode:node_modules/which Completed in 2137ms
305 timing reifyNode:node_modules/colorette Completed in 2142ms
306 timing reifyNode:node_modules/isexe Completed in 2241ms
307 timing reifyNode:node_modules/interpret Completed in 2232ms
308 timing reifyNode:node_modules/rechoir Completed in 2234ms
309 http fetch GET 200 https://registry.npmjs.org/is-core-module/-/is-core-module-2.9.0.tgz 2014ms (cache miss)
310 http fetch GET 200 https://registry.npmjs.org/@webpack-cli/configtest/-/configtest-1.2.0.tgz 1779ms (cache miss)
311 timing reifyNode:node_modules/@webpack-cli/configtest Completed in 2278ms
312 timing reifyNode:node_modules/is-core-module Completed in 2286ms
313 http fetch GET 200 https://registry.npmjs.org/@webpack-cli/info/-/info-1.5.0.tgz 1827ms (cache miss)
314 timing reifyNode:node_modules/@webpack-cli/info Completed in 2295ms
315 http fetch GET 200 https://registry.npmjs.org/fastest-levenshtein/-/fastest-levenshtein-1.0.12.tgz 1883ms (cache miss)
316 http fetch GET 200 https://registry.npmjs.org/@webpack-cli/serve/-/serve-1.7.0.tgz 1840ms (cache miss)
317 http fetch GET 200 https://registry.npmjs.org/supports-preserve-symlinks-flag/-/supports-preserve-symlinks-flag-1.0.0.tgz 2219ms (cache miss)
318 http fetch GET 200 https://registry.npmjs.org/envinfo/-/envinfo-7.8.1.tgz 2090ms (cache miss)
319 timing reifyNode:node_modules/envinfo Completed in 2434ms
320 timing reifyNode:node_modules/fastest-levenshtein Completed in 2434ms
321 timing reifyNode:node_modules/@webpack-cli/serve Completed in 2435ms
322 timing reifyNode:node_modules/supports-preserve-symlinks-flag Completed in 2450ms
323 http fetch GET 200 https://registry.npmjs.org/function-bind/-/function-bind-1.1.1.tgz 2367ms (cache miss)
324 timing reifyNode:node_modules/function-bind Completed in 2562ms
325 http fetch GET 200 https://registry.npmjs.org/wildcard/-/wildcard-2.0.0.tgz 2449ms (cache miss)
326 timing reifyNode:node_modules/wildcard Completed in 2595ms
327 http fetch GET 200 https://registry.npmjs.org/cross-spawn/-/cross-spawn-7.0.3.tgz 2164ms (cache miss)
328 timing reifyNode:node_modules/cross-spawn Completed in 2608ms
329 http fetch GET 200 https://registry.npmjs.org/commander/-/commander-7.2.0.tgz 2155ms (cache miss)
330 timing reifyNode:node_modules/webpack-cli/node_modules/commander Completed in 2645ms
331 http fetch GET 200 https://registry.npmjs.org/webpack-cli/-/webpack-cli-4.10.0.tgz 2159ms (cache miss)
332 timing reifyNode:node_modules/webpack-cli Completed in 2688ms
333 http fetch GET 200 https://registry.npmjs.org/@discoveryjs/json-ext/-/json-ext-0.5.7.tgz 2197ms (cache miss)
334 http fetch GET 200 https://registry.npmjs.org/webpack-merge/-/webpack-merge-5.8.0.tgz 2305ms (cache miss)
335 timing reifyNode:node_modules/@discoveryjs/json-ext Completed in 2717ms
336 timing reifyNode:node_modules/webpack-merge Completed in 2720ms
337 http fetch GET 200 https://registry.npmjs.org/resolve/-/resolve-1.22.1.tgz 3034ms (cache miss)
338 timing reifyNode:node_modules/resolve Completed in 3270ms
339 timing reify:unpack Completed in 3278ms
340 timing reify:unretire Completed in 1ms
341 timing build:queue Completed in 6ms
342 timing build:link:node_modules/resolve Completed in 30ms
343 timing build:link:node_modules/envinfo Completed in 32ms
344 timing build:link:node_modules/import-local Completed in 30ms
345 timing build:link:node_modules/webpack-cli Completed in 29ms
346 timing build:link:node_modules/which Completed in 30ms
347 timing build:link Completed in 34ms
348 timing build:deps Completed in 41ms
349 timing build Completed in 42ms
350 timing reify:build Completed in 43ms
351 timing reify:trash Completed in 1ms
352 timing reify:save Completed in 110ms
353 timing reify Completed in 8857ms
354 silly ADD node_modules/isexe
355 silly ADD node_modules/isobject
356 silly ADD node_modules/shallow-clone
357 silly ADD node_modules/kind-of
358 silly ADD node_modules/is-plain-object
359 silly ADD node_modules/wildcard
360 silly ADD node_modules/clone-deep
361 silly ADD node_modules/shebang-regex
362 silly ADD node_modules/resolve-from
363 silly ADD node_modules/function-bind
364 silly ADD node_modules/has
365 silly ADD node_modules/supports-preserve-symlinks-flag
366 silly ADD node_modules/path-parse
367 silly ADD node_modules/is-core-module
368 silly ADD node_modules/resolve
369 silly ADD node_modules/p-try
370 silly ADD node_modules/p-limit
371 silly ADD node_modules/p-locate
372 silly ADD node_modules/path-exists
373 silly ADD node_modules/locate-path
374 silly ADD node_modules/find-up
375 silly ADD node_modules/resolve-cwd
376 silly ADD node_modules/pkg-dir
377 silly ADD node_modules/which
378 silly ADD node_modules/shebang-command
379 silly ADD node_modules/path-key
380 silly ADD node_modules/envinfo
381 silly ADD node_modules/webpack-merge
382 silly ADD node_modules/rechoir
383 silly ADD node_modules/interpret
384 silly ADD node_modules/import-local
385 silly ADD node_modules/fastest-levenshtein
386 silly ADD node_modules/cross-spawn
387 silly ADD node_modules/colorette
388 silly ADD node_modules/@webpack-cli/serve
389 silly ADD node_modules/@webpack-cli/info
390 silly ADD node_modules/@webpack-cli/configtest
391 silly ADD node_modules/@discoveryjs/json-ext
392 silly ADD node_modules/webpack-cli
393 silly ADD node_modules/webpack-cli/node_modules/commander
394 timing command:install Completed in 8890ms
395 verbose exit 0
396 timing npm Completed in 9344ms
397 info ok
